<?xml version='1.0' encoding='UTF-8'?>
<testsuite hostname="MLINPU1502-0043" name="writers.TimeWindowOutputWriterSpec" tests="2" errors="1" failures="1" skipped="0" time="0.044" timestamp="2020-02-29T13:43:34">
                     <properties>
[...]
</properties>
                     <testcase classname="writers.TimeWindowOutputWriterSpec" name="Time window output writer should::return time window formatted output if input is in correct format" time="0.019">
                                                 <error message="scala.Tuple3 cannot be cast to scala.runtime.Nothing$" type="java.lang.ClassCastException">java.lang.ClassCastException: scala.Tuple3 cannot be cast to scala.runtime.Nothing$
	at writers.TimeWindowOutputWriter.$anonfun$writer$1(TimeWindowOutputWriter.scala:12)
	at writers.TimeWindowOutputWriter.writer(TimeWindowOutputWriter.scala:11)
	at writers.TimeWindowOutputWriterSpec$$anon$1.$anonfun$new$3(TimeWindowOutputWriterSpec.scala:17)
	at writers.TimeWindowOutputWriterSpec$$anon$1.&lt;init&gt;(TimeWindowOutputWriterSpec.scala:17)
	at writers.TimeWindowOutputWriterSpec.$anonfun$new$2(TimeWindowOutputWriterSpec.scala:11)
</error>
                                               </testcase><testcase classname="writers.TimeWindowOutputWriterSpec" name="Time window output writer should::return error msg as output if input is not in correct format" time="0.025">
                                                 <failure message="'..........' != 'Input format not supported...'" type="java.lang.Exception">java.lang.Exception: '..........' != 'Input format not supported...'
	at writers.TimeWindowOutputWriterSpec$$anon$2.&lt;init&gt;(TimeWindowOutputWriterSpec.scala:21)
	at writers.TimeWindowOutputWriterSpec.$anonfun$new$5(TimeWindowOutputWriterSpec.scala:20)
</failure>
                                               </testcase>
                     <system-out><![CDATA[]]></system-out>
                     <system-err><![CDATA[]]></system-err>
                   </testsuite>